09:12:03.574 [main]DEBUG TC_LoginTest_001 - Entered Url
09:12:04.619 [main]DEBUG TC_LoginTest_001 - Entered username
09:12:20.255 [main]DEBUG freemarker.cache - Couldn't find template in cache for "Extent.ftl"("en_US", UTF-8, parsed); will try to load it.
09:12:20.256 [main]DEBUG freemarker.cache - TemplateLoader.findTemplateSource("Extent_en_US.ftl"): Not found
09:12:20.257 [main]DEBUG freemarker.cache - TemplateLoader.findTemplateSource("Extent_en.ftl"): Not found
09:12:20.258 [main]DEBUG freemarker.cache - TemplateLoader.findTemplateSource("Extent.ftl"): Found
09:12:20.258 [main]DEBUG freemarker.cache - Loading template for "Extent.ftl"("en_US", UTF-8, parsed) from "jar:file:/C:/Users/1/.m2/repository/com/relevantcodes/extentreports/2.41.2/extentreports-2.41.2.jar!/com/relevantcodes/extentreports/view/Extent.ftl"
09:12:20.472 [main]DEBUG freemarker.cache - Couldn't find template in cache for "Extent.ftl"("en_US", UTF-8, parsed); will try to load it.
09:12:20.473 [main]DEBUG freemarker.cache - TemplateLoader.findTemplateSource("Extent_en_US.ftl"): Not found
09:12:20.473 [main]DEBUG freemarker.cache - TemplateLoader.findTemplateSource("Extent_en.ftl"): Not found
09:12:20.473 [main]DEBUG freemarker.cache - TemplateLoader.findTemplateSource("Extent.ftl"): Found
09:12:20.473 [main]DEBUG freemarker.cache - Loading template for "Extent.ftl"("en_US", UTF-8, parsed) from "jar:file:/C:/Users/1/.m2/repository/com/relevantcodes/extentreports/2.41.2/extentreports-2.41.2.jar!/com/relevantcodes/extentreports/view/Extent.ftl"
09:38:24.879 [main]DEBUG TC_LoginTest_001 - Entered Url
09:38:25.461 [main]DEBUG TC_LoginTest_001 - Entered username
09:38:41.002 [main]DEBUG freemarker.cache - Couldn't find template in cache for "Extent.ftl"("en_US", UTF-8, parsed); will try to load it.
09:38:41.007 [main]DEBUG freemarker.cache - TemplateLoader.findTemplateSource("Extent_en_US.ftl"): Not found
09:38:41.011 [main]DEBUG freemarker.cache - TemplateLoader.findTemplateSource("Extent_en.ftl"): Not found
09:38:41.015 [main]DEBUG freemarker.cache - TemplateLoader.findTemplateSource("Extent.ftl"): Found
09:38:41.016 [main]DEBUG freemarker.cache - Loading template for "Extent.ftl"("en_US", UTF-8, parsed) from "jar:file:/C:/Users/1/.m2/repository/com/relevantcodes/extentreports/2.41.2/extentreports-2.41.2.jar!/com/relevantcodes/extentreports/view/Extent.ftl"
09:38:41.325 [main]DEBUG freemarker.cache - Couldn't find template in cache for "Extent.ftl"("en_US", UTF-8, parsed); will try to load it.
09:38:41.326 [main]DEBUG freemarker.cache - TemplateLoader.findTemplateSource("Extent_en_US.ftl"): Not found
09:38:41.326 [main]DEBUG freemarker.cache - TemplateLoader.findTemplateSource("Extent_en.ftl"): Not found
09:38:41.326 [main]DEBUG freemarker.cache - TemplateLoader.findTemplateSource("Extent.ftl"): Found
09:38:41.326 [main]DEBUG freemarker.cache - Loading template for "Extent.ftl"("en_US", UTF-8, parsed) from "jar:file:/C:/Users/1/.m2/repository/com/relevantcodes/extentreports/2.41.2/extentreports-2.41.2.jar!/com/relevantcodes/extentreports/view/Extent.ftl"
09:40:51.569 [main]DEBUG TC_LoginTest_001 - Entered Url
09:40:52.366 [main]DEBUG TC_LoginTest_001 - Entered username
09:44:24.754 [main]DEBUG freemarker.cache - Couldn't find template in cache for "Extent.ftl"("en_US", UTF-8, parsed); will try to load it.
09:44:24.835 [main]DEBUG freemarker.cache - TemplateLoader.findTemplateSource("Extent_en_US.ftl"): Not found
09:44:24.930 [main]DEBUG freemarker.cache - TemplateLoader.findTemplateSource("Extent_en.ftl"): Not found
09:44:24.997 [main]DEBUG freemarker.cache - TemplateLoader.findTemplateSource("Extent.ftl"): Found
09:44:25.001 [main]DEBUG freemarker.cache - Loading template for "Extent.ftl"("en_US", UTF-8, parsed) from "jar:file:/C:/Users/1/.m2/repository/com/relevantcodes/extentreports/2.41.2/extentreports-2.41.2.jar!/com/relevantcodes/extentreports/view/Extent.ftl"
09:44:29.023 [main]DEBUG freemarker.cache - Couldn't find template in cache for "Extent.ftl"("en_US", UTF-8, parsed); will try to load it.
09:44:29.025 [main]DEBUG freemarker.cache - TemplateLoader.findTemplateSource("Extent_en_US.ftl"): Not found
09:44:29.027 [main]DEBUG freemarker.cache - TemplateLoader.findTemplateSource("Extent_en.ftl"): Not found
09:44:29.029 [main]DEBUG freemarker.cache - TemplateLoader.findTemplateSource("Extent.ftl"): Found
09:44:29.029 [main]DEBUG freemarker.cache - Loading template for "Extent.ftl"("en_US", UTF-8, parsed) from "jar:file:/C:/Users/1/.m2/repository/com/relevantcodes/extentreports/2.41.2/extentreports-2.41.2.jar!/com/relevantcodes/extentreports/view/Extent.ftl"
12:36:16.811 [main]DEBUG TC_LoginTest_001 - Entered Url
12:36:42.489 [main]DEBUG TC_LoginTest_001 - Entered username
12:39:17.708 [main]DEBUG freemarker.cache - Couldn't find template in cache for "Extent.ftl"("en_US", UTF-8, parsed); will try to load it.
12:39:17.788 [main]DEBUG freemarker.cache - TemplateLoader.findTemplateSource("Extent_en_US.ftl"): Not found
12:39:17.885 [main]DEBUG freemarker.cache - TemplateLoader.findTemplateSource("Extent_en.ftl"): Not found
12:39:17.960 [main]DEBUG freemarker.cache - TemplateLoader.findTemplateSource("Extent.ftl"): Found
12:39:17.964 [main]DEBUG freemarker.cache - Loading template for "Extent.ftl"("en_US", UTF-8, parsed) from "jar:file:/C:/Users/1/.m2/repository/com/relevantcodes/extentreports/2.41.2/extentreports-2.41.2.jar!/com/relevantcodes/extentreports/view/Extent.ftl"
12:39:21.625 [main]DEBUG freemarker.cache - Couldn't find template in cache for "Extent.ftl"("en_US", UTF-8, parsed); will try to load it.
12:39:21.627 [main]DEBUG freemarker.cache - TemplateLoader.findTemplateSource("Extent_en_US.ftl"): Not found
12:39:21.629 [main]DEBUG freemarker.cache - TemplateLoader.findTemplateSource("Extent_en.ftl"): Not found
12:39:21.631 [main]DEBUG freemarker.cache - TemplateLoader.findTemplateSource("Extent.ftl"): Found
12:39:21.631 [main]DEBUG freemarker.cache - Loading template for "Extent.ftl"("en_US", UTF-8, parsed) from "jar:file:/C:/Users/1/.m2/repository/com/relevantcodes/extentreports/2.41.2/extentreports-2.41.2.jar!/com/relevantcodes/extentreports/view/Extent.ftl"
12:40:44.473 [main]DEBUG TC_LoginTest_001 - Entered Url
12:40:45.393 [main]DEBUG TC_LoginTest_001 - Entered username
12:40:45.539 [main]DEBUG TC_LoginTest_001 - Entered password
12:40:47.428 [main]DEBUG TC_LoginTest_001 - clicked On LoginButton
12:40:49.468 [main]INFO  TC_LoginTest_001 - Test Case Passed
12:40:49.867 [main]DEBUG freemarker.cache - Couldn't find template in cache for "Extent.ftl"("en_US", UTF-8, parsed); will try to load it.
12:40:49.868 [main]DEBUG freemarker.cache - TemplateLoader.findTemplateSource("Extent_en_US.ftl"): Not found
12:40:49.870 [main]DEBUG freemarker.cache - TemplateLoader.findTemplateSource("Extent_en.ftl"): Not found
12:40:49.871 [main]DEBUG freemarker.cache - TemplateLoader.findTemplateSource("Extent.ftl"): Found
12:40:49.871 [main]DEBUG freemarker.cache - Loading template for "Extent.ftl"("en_US", UTF-8, parsed) from "jar:file:/C:/Users/1/.m2/repository/com/relevantcodes/extentreports/2.41.2/extentreports-2.41.2.jar!/com/relevantcodes/extentreports/view/Extent.ftl"
12:40:50.237 [main]DEBUG freemarker.cache - Couldn't find template in cache for "Extent.ftl"("en_US", UTF-8, parsed); will try to load it.
12:40:50.237 [main]DEBUG freemarker.cache - TemplateLoader.findTemplateSource("Extent_en_US.ftl"): Not found
12:40:50.237 [main]DEBUG freemarker.cache - TemplateLoader.findTemplateSource("Extent_en.ftl"): Not found
12:40:50.237 [main]DEBUG freemarker.cache - TemplateLoader.findTemplateSource("Extent.ftl"): Found
12:40:50.238 [main]DEBUG freemarker.cache - Loading template for "Extent.ftl"("en_US", UTF-8, parsed) from "jar:file:/C:/Users/1/.m2/repository/com/relevantcodes/extentreports/2.41.2/extentreports-2.41.2.jar!/com/relevantcodes/extentreports/view/Extent.ftl"
